#! /usr/bin/vvp
:ivl_version "12.0 (stable)";
:ivl_delay_selection "TYPICAL";
:vpi_time_precision + 0;
:vpi_module "/usr/lib/x86_64-linux-gnu/ivl/system.vpi";
:vpi_module "/usr/lib/x86_64-linux-gnu/ivl/vhdl_sys.vpi";
:vpi_module "/usr/lib/x86_64-linux-gnu/ivl/vhdl_textio.vpi";
:vpi_module "/usr/lib/x86_64-linux-gnu/ivl/v2005_math.vpi";
:vpi_module "/usr/lib/x86_64-linux-gnu/ivl/va_math.vpi";
S_0x6167502099a0 .scope module, "alu_module" "alu_module" 2 1;
 .timescale 0 0;
    .port_info 0 /INPUT 32 "A";
    .port_info 1 /INPUT 32 "B";
    .port_info 2 /INPUT 3 "ALUControl";
    .port_info 3 /OUTPUT 32 "ALUResult";
    .port_info 4 /OUTPUT 1 "Ze";
    .port_info 5 /OUTPUT 1 "N";
    .port_info 6 /OUTPUT 1 "V";
    .port_info 7 /OUTPUT 1 "C";
o0x7bde0f0a2018 .functor BUFZ 32, C4<zzzzzzzzzzzzzzzzzzzzzzzzzzzzzzzz>; HiZ drive
o0x7bde0f0a20a8 .functor BUFZ 32, C4<zzzzzzzzzzzzzzzzzzzzzzzzzzzzzzzz>; HiZ drive
L_0x616750239570 .functor AND 32, o0x7bde0f0a2018, o0x7bde0f0a20a8, C4<11111111111111111111111111111111>, C4<11111111111111111111111111111111>;
L_0x616750239600 .functor OR 32, o0x7bde0f0a2018, o0x7bde0f0a20a8, C4<00000000000000000000000000000000>, C4<00000000000000000000000000000000>;
L_0x6167502396c0 .functor NOT 32, o0x7bde0f0a20a8, C4<00000000000000000000000000000000>, C4<00000000000000000000000000000000>, C4<00000000000000000000000000000000>;
L_0x7bde0ecce018 .functor BUFT 1, C4<0>, C4<0>, C4<0>, C4<0>;
L_0x616750239800 .functor XNOR 1, L_0x616750239730, L_0x7bde0ecce018, C4<0>, C4<0>;
L_0x61675024a6d0 .functor BUFZ 32, L_0x61675024b4b0, C4<00000000000000000000000000000000>, C4<00000000000000000000000000000000>, C4<00000000000000000000000000000000>;
L_0x616750239f60 .functor NOT 1, L_0x61675024b960, C4<0>, C4<0>, C4<0>;
L_0x61675024ba90 .functor AND 1, L_0x616750239ab0, L_0x616750239f60, C4<1>, C4<1>;
L_0x61675024bd20 .functor NOT 1, L_0x61675024bba0, C4<0>, C4<0>, C4<0>;
L_0x61675024c060 .functor XOR 1, L_0x61675024be30, L_0x61675024bed0, C4<0>, C4<0>;
L_0x61675024c120 .functor AND 1, L_0x61675024bd20, L_0x61675024c060, C4<1>, C4<1>;
L_0x61675024c4d0 .functor XOR 1, L_0x61675024c290, L_0x61675024c330, C4<0>, C4<0>;
L_0x61675024c630 .functor XOR 1, L_0x61675024c4d0, L_0x61675024c590, C4<0>, C4<0>;
L_0x61675024c7b0 .functor NOT 1, L_0x61675024c630, C4<0>, C4<0>, C4<0>;
L_0x61675024c870 .functor AND 1, L_0x61675024c120, L_0x61675024c7b0, C4<1>, C4<1>;
v0x61675020a060_0 .net "A", 31 0, o0x7bde0f0a2018;  0 drivers
o0x7bde0f0a2048 .functor BUFZ 3, C4<zzz>; HiZ drive
v0x616750235ee0_0 .net "ALUControl", 2 0, o0x7bde0f0a2048;  0 drivers
v0x616750235fc0_0 .net "ALUResult", 31 0, L_0x61675024a6d0;  1 drivers
v0x616750236080_0 .net "B", 31 0, o0x7bde0f0a20a8;  0 drivers
v0x616750236160_0 .net "C", 0 0, L_0x61675024ba90;  1 drivers
v0x616750236270_0 .net "N", 0 0, L_0x61675024b7f0;  1 drivers
v0x616750236330_0 .net "V", 0 0, L_0x61675024c870;  1 drivers
v0x6167502363f0_0 .net "Ze", 0 0, L_0x61675024b6b0;  1 drivers
v0x6167502364b0_0 .net *"_ivl_10", 0 0, L_0x616750239800;  1 drivers
v0x616750236570_0 .net *"_ivl_100", 0 0, L_0x61675024c290;  1 drivers
v0x616750236650_0 .net *"_ivl_102", 0 0, L_0x61675024c330;  1 drivers
v0x616750236730_0 .net *"_ivl_103", 0 0, L_0x61675024c4d0;  1 drivers
v0x616750236810_0 .net *"_ivl_106", 0 0, L_0x61675024c590;  1 drivers
v0x6167502368f0_0 .net *"_ivl_107", 0 0, L_0x61675024c630;  1 drivers
v0x6167502369d0_0 .net *"_ivl_109", 0 0, L_0x61675024c7b0;  1 drivers
v0x616750236ab0_0 .net *"_ivl_17", 32 0, L_0x616750239c20;  1 drivers
L_0x7bde0ecce060 .functor BUFT 1, C4<0>, C4<0>, C4<0>, C4<0>;
v0x616750236b90_0 .net *"_ivl_20", 0 0, L_0x7bde0ecce060;  1 drivers
v0x616750236d80_0 .net *"_ivl_21", 32 0, L_0x616750239d40;  1 drivers
L_0x7bde0ecce0a8 .functor BUFT 1, C4<0>, C4<0>, C4<0>, C4<0>;
v0x616750236e60_0 .net *"_ivl_24", 0 0, L_0x7bde0ecce0a8;  1 drivers
v0x616750236f40_0 .net *"_ivl_25", 32 0, L_0x616750239ec0;  1 drivers
v0x616750237020_0 .net *"_ivl_28", 0 0, L_0x61675023a070;  1 drivers
v0x616750237100_0 .net *"_ivl_29", 32 0, L_0x61675023a1b0;  1 drivers
L_0x7bde0ecce0f0 .functor BUFT 1, C4<00000000000000000000000000000000>, C4<0>, C4<0>, C4<0>;
v0x6167502371e0_0 .net *"_ivl_32", 31 0, L_0x7bde0ecce0f0;  1 drivers
v0x6167502372c0_0 .net *"_ivl_33", 32 0, L_0x61675024a300;  1 drivers
L_0x7bde0ecce138 .functor BUFT 1, C4<0000000000000000000000000000000>, C4<0>, C4<0>, C4<0>;
v0x6167502373a0_0 .net/2u *"_ivl_35", 30 0, L_0x7bde0ecce138;  1 drivers
v0x616750237480_0 .net *"_ivl_38", 0 0, L_0x61675024a4a0;  1 drivers
L_0x7bde0ecce180 .functor BUFT 1, C4<000>, C4<0>, C4<0>, C4<0>;
v0x616750237560_0 .net/2u *"_ivl_41", 2 0, L_0x7bde0ecce180;  1 drivers
v0x616750237640_0 .net *"_ivl_43", 0 0, L_0x61675024a740;  1 drivers
L_0x7bde0ecce1c8 .functor BUFT 1, C4<001>, C4<0>, C4<0>, C4<0>;
v0x616750237700_0 .net/2u *"_ivl_45", 2 0, L_0x7bde0ecce1c8;  1 drivers
v0x6167502377e0_0 .net *"_ivl_47", 0 0, L_0x61675024a830;  1 drivers
L_0x7bde0ecce210 .functor BUFT 1, C4<010>, C4<0>, C4<0>, C4<0>;
v0x6167502378a0_0 .net/2u *"_ivl_49", 2 0, L_0x7bde0ecce210;  1 drivers
v0x616750237980_0 .net *"_ivl_51", 0 0, L_0x61675024a9e0;  1 drivers
L_0x7bde0ecce258 .functor BUFT 1, C4<011>, C4<0>, C4<0>, C4<0>;
v0x616750237a40_0 .net/2u *"_ivl_53", 2 0, L_0x7bde0ecce258;  1 drivers
v0x616750237d30_0 .net *"_ivl_55", 0 0, L_0x61675024ab60;  1 drivers
L_0x7bde0ecce2a0 .functor BUFT 1, C4<101>, C4<0>, C4<0>, C4<0>;
v0x616750237df0_0 .net/2u *"_ivl_57", 2 0, L_0x7bde0ecce2a0;  1 drivers
v0x616750237ed0_0 .net *"_ivl_59", 0 0, L_0x61675024acc0;  1 drivers
L_0x7bde0ecce2e8 .functor BUFT 1, C4<00000000000000000000000000000000>, C4<0>, C4<0>, C4<0>;
v0x616750237f90_0 .net/2u *"_ivl_61", 31 0, L_0x7bde0ecce2e8;  1 drivers
v0x616750238070_0 .net *"_ivl_63", 31 0, L_0x61675024ade0;  1 drivers
v0x616750238150_0 .net *"_ivl_65", 31 0, L_0x61675024b040;  1 drivers
v0x616750238230_0 .net *"_ivl_67", 31 0, L_0x61675024b1d0;  1 drivers
v0x616750238310_0 .net *"_ivl_69", 31 0, L_0x61675024ae80;  1 drivers
v0x6167502383f0_0 .net *"_ivl_7", 0 0, L_0x616750239730;  1 drivers
L_0x7bde0ecce330 .functor BUFT 1, C4<00000000000000000000000000000000>, C4<0>, C4<0>, C4<0>;
v0x6167502384d0_0 .net/2u *"_ivl_75", 31 0, L_0x7bde0ecce330;  1 drivers
v0x6167502385b0_0 .net/2u *"_ivl_8", 0 0, L_0x7bde0ecce018;  1 drivers
v0x616750238690_0 .net *"_ivl_82", 0 0, L_0x61675024b960;  1 drivers
v0x616750238770_0 .net *"_ivl_83", 0 0, L_0x616750239f60;  1 drivers
v0x616750238850_0 .net *"_ivl_88", 0 0, L_0x61675024bba0;  1 drivers
v0x616750238930_0 .net *"_ivl_89", 0 0, L_0x61675024bd20;  1 drivers
v0x616750238a10_0 .net *"_ivl_92", 0 0, L_0x61675024be30;  1 drivers
v0x616750238af0_0 .net *"_ivl_94", 0 0, L_0x61675024bed0;  1 drivers
v0x616750238bd0_0 .net *"_ivl_95", 0 0, L_0x61675024c060;  1 drivers
v0x616750238cb0_0 .net *"_ivl_97", 0 0, L_0x61675024c120;  1 drivers
v0x616750238d90_0 .net "a_and_b", 31 0, L_0x616750239570;  1 drivers
v0x616750238e70_0 .net "a_or_b", 31 0, L_0x616750239600;  1 drivers
v0x616750238f50_0 .net "cout", 0 0, L_0x616750239ab0;  1 drivers
v0x616750239010_0 .net "mux_1", 31 0, L_0x616750239970;  1 drivers
v0x6167502390f0_0 .net "mux_2", 31 0, L_0x61675024b4b0;  1 drivers
v0x6167502391d0_0 .net "not_b", 31 0, L_0x6167502396c0;  1 drivers
v0x6167502392b0_0 .net "slt", 31 0, L_0x61675024a590;  1 drivers
v0x616750239390_0 .net "sum", 31 0, L_0x616750239b50;  1 drivers
L_0x616750239730 .part o0x7bde0f0a2048, 0, 1;
L_0x616750239970 .functor MUXZ 32, L_0x6167502396c0, o0x7bde0f0a20a8, L_0x616750239800, C4<>;
L_0x616750239ab0 .part L_0x61675024a300, 32, 1;
L_0x616750239b50 .part L_0x61675024a300, 0, 32;
L_0x616750239c20 .concat [ 32 1 0 0], o0x7bde0f0a2018, L_0x7bde0ecce060;
L_0x616750239d40 .concat [ 32 1 0 0], L_0x616750239970, L_0x7bde0ecce0a8;
L_0x616750239ec0 .arith/sum 33, L_0x616750239c20, L_0x616750239d40;
L_0x61675023a070 .part o0x7bde0f0a2048, 0, 1;
L_0x61675023a1b0 .concat [ 1 32 0 0], L_0x61675023a070, L_0x7bde0ecce0f0;
L_0x61675024a300 .arith/sum 33, L_0x616750239ec0, L_0x61675023a1b0;
L_0x61675024a4a0 .part L_0x616750239b50, 31, 1;
L_0x61675024a590 .concat [ 1 31 0 0], L_0x61675024a4a0, L_0x7bde0ecce138;
L_0x61675024a740 .cmp/eq 3, o0x7bde0f0a2048, L_0x7bde0ecce180;
L_0x61675024a830 .cmp/eq 3, o0x7bde0f0a2048, L_0x7bde0ecce1c8;
L_0x61675024a9e0 .cmp/eq 3, o0x7bde0f0a2048, L_0x7bde0ecce210;
L_0x61675024ab60 .cmp/eq 3, o0x7bde0f0a2048, L_0x7bde0ecce258;
L_0x61675024acc0 .cmp/eq 3, o0x7bde0f0a2048, L_0x7bde0ecce2a0;
L_0x61675024ade0 .functor MUXZ 32, L_0x7bde0ecce2e8, L_0x61675024a590, L_0x61675024acc0, C4<>;
L_0x61675024b040 .functor MUXZ 32, L_0x61675024ade0, L_0x616750239600, L_0x61675024ab60, C4<>;
L_0x61675024b1d0 .functor MUXZ 32, L_0x61675024b040, L_0x616750239570, L_0x61675024a9e0, C4<>;
L_0x61675024ae80 .functor MUXZ 32, L_0x61675024b1d0, L_0x616750239b50, L_0x61675024a830, C4<>;
L_0x61675024b4b0 .functor MUXZ 32, L_0x61675024ae80, L_0x616750239b50, L_0x61675024a740, C4<>;
L_0x61675024b6b0 .cmp/eq 32, L_0x61675024a6d0, L_0x7bde0ecce330;
L_0x61675024b7f0 .part L_0x61675024a6d0, 31, 1;
L_0x61675024b960 .part o0x7bde0f0a2048, 1, 1;
L_0x61675024bba0 .part o0x7bde0f0a2048, 1, 1;
L_0x61675024be30 .part o0x7bde0f0a2018, 31, 1;
L_0x61675024bed0 .part L_0x616750239b50, 31, 1;
L_0x61675024c290 .part o0x7bde0f0a2018, 31, 1;
L_0x61675024c330 .part o0x7bde0f0a20a8, 31, 1;
L_0x61675024c590 .part o0x7bde0f0a2048, 0, 1;
# The file index is used to find the file name in the following table.
:file_names 3;
    "N/A";
    "<interactive>";
    "ALU.v";
