#! /usr/bin/vvp
:ivl_version "12.0 (stable)";
:ivl_delay_selection "TYPICAL";
:vpi_time_precision + 0;
:vpi_module "/usr/lib/x86_64-linux-gnu/ivl/system.vpi";
:vpi_module "/usr/lib/x86_64-linux-gnu/ivl/vhdl_sys.vpi";
:vpi_module "/usr/lib/x86_64-linux-gnu/ivl/vhdl_textio.vpi";
:vpi_module "/usr/lib/x86_64-linux-gnu/ivl/v2005_math.vpi";
:vpi_module "/usr/lib/x86_64-linux-gnu/ivl/va_math.vpi";
S_0x56c53c91b510 .scope module, "alu_decoder_module" "alu_decoder_module" 2 2;
 .timescale 0 0;
    .port_info 0 /INPUT 2 "ALUOp";
    .port_info 1 /INPUT 1 "op";
    .port_info 2 /INPUT 3 "funct3";
    .port_info 3 /INPUT 1 "funct7";
    .port_info 4 /OUTPUT 3 "ALUControl";
L_0x56c53c973ad0 .functor AND 1, L_0x56c53c973860, L_0x56c53c973980, C4<1>, C4<1>;
L_0x56c53c973e70 .functor AND 1, L_0x56c53c973be0, L_0x56c53c973d80, C4<1>, C4<1>;
L_0x56c53c9741e0 .functor AND 1, L_0x56c53c973f80, L_0x56c53c9740c0, C4<1>, C4<1>;
L_0x56c53c9745d0 .functor AND 1, L_0x56c53c9742f0, L_0x56c53c974470, C4<1>, C4<1>;
L_0x56c53c974870 .functor AND 1, L_0x56c53c9745d0, L_0x56c53c9746c0, C4<1>, C4<1>;
L_0x56c53c974800 .functor AND 1, L_0x56c53c974980, L_0x56c53c974a70, C4<1>, C4<1>;
L_0x56c53c974de0 .functor AND 1, L_0x56c53c974800, L_0x56c53c974cf0, C4<1>, C4<1>;
v0x56c53c91b6a0_0 .net "ALUControl", 2 0, L_0x56c53c975990;  1 drivers
o0x79a83fe89048 .functor BUFZ 2, C4<zz>; HiZ drive
v0x56c53c970250_0 .net "ALUOp", 1 0, o0x79a83fe89048;  0 drivers
v0x56c53c970330_0 .net *"_ivl_10", 0 0, L_0x56c53c9736a0;  1 drivers
L_0x79a83fe400f0 .functor BUFT 1, C4<001>, C4<0>, C4<0>, C4<0>;
v0x56c53c970400_0 .net/2u *"_ivl_12", 2 0, L_0x79a83fe400f0;  1 drivers
L_0x79a83fe40138 .functor BUFT 1, C4<10>, C4<0>, C4<0>, C4<0>;
v0x56c53c9704e0_0 .net/2u *"_ivl_14", 1 0, L_0x79a83fe40138;  1 drivers
v0x56c53c9705c0_0 .net *"_ivl_16", 0 0, L_0x56c53c973860;  1 drivers
L_0x79a83fe40180 .functor BUFT 1, C4<010>, C4<0>, C4<0>, C4<0>;
v0x56c53c970680_0 .net/2u *"_ivl_18", 2 0, L_0x79a83fe40180;  1 drivers
L_0x79a83fe40018 .functor BUFT 1, C4<00>, C4<0>, C4<0>, C4<0>;
v0x56c53c970760_0 .net/2u *"_ivl_2", 1 0, L_0x79a83fe40018;  1 drivers
v0x56c53c970840_0 .net *"_ivl_20", 0 0, L_0x56c53c973980;  1 drivers
v0x56c53c970990_0 .net *"_ivl_22", 0 0, L_0x56c53c973ad0;  1 drivers
L_0x79a83fe401c8 .functor BUFT 1, C4<101>, C4<0>, C4<0>, C4<0>;
v0x56c53c970a70_0 .net/2u *"_ivl_24", 2 0, L_0x79a83fe401c8;  1 drivers
L_0x79a83fe40210 .functor BUFT 1, C4<10>, C4<0>, C4<0>, C4<0>;
v0x56c53c970b50_0 .net/2u *"_ivl_26", 1 0, L_0x79a83fe40210;  1 drivers
v0x56c53c970c30_0 .net *"_ivl_28", 0 0, L_0x56c53c973be0;  1 drivers
L_0x79a83fe40258 .functor BUFT 1, C4<110>, C4<0>, C4<0>, C4<0>;
v0x56c53c970cf0_0 .net/2u *"_ivl_30", 2 0, L_0x79a83fe40258;  1 drivers
v0x56c53c970dd0_0 .net *"_ivl_32", 0 0, L_0x56c53c973d80;  1 drivers
v0x56c53c970e90_0 .net *"_ivl_34", 0 0, L_0x56c53c973e70;  1 drivers
L_0x79a83fe402a0 .functor BUFT 1, C4<011>, C4<0>, C4<0>, C4<0>;
v0x56c53c970f70_0 .net/2u *"_ivl_36", 2 0, L_0x79a83fe402a0;  1 drivers
L_0x79a83fe402e8 .functor BUFT 1, C4<10>, C4<0>, C4<0>, C4<0>;
v0x56c53c971160_0 .net/2u *"_ivl_38", 1 0, L_0x79a83fe402e8;  1 drivers
v0x56c53c971240_0 .net *"_ivl_4", 0 0, L_0x56c53c973540;  1 drivers
v0x56c53c971300_0 .net *"_ivl_40", 0 0, L_0x56c53c973f80;  1 drivers
L_0x79a83fe40330 .functor BUFT 1, C4<111>, C4<0>, C4<0>, C4<0>;
v0x56c53c9713c0_0 .net/2u *"_ivl_42", 2 0, L_0x79a83fe40330;  1 drivers
v0x56c53c9714a0_0 .net *"_ivl_44", 0 0, L_0x56c53c9740c0;  1 drivers
v0x56c53c971560_0 .net *"_ivl_46", 0 0, L_0x56c53c9741e0;  1 drivers
L_0x79a83fe40378 .functor BUFT 1, C4<010>, C4<0>, C4<0>, C4<0>;
v0x56c53c971640_0 .net/2u *"_ivl_48", 2 0, L_0x79a83fe40378;  1 drivers
L_0x79a83fe403c0 .functor BUFT 1, C4<10>, C4<0>, C4<0>, C4<0>;
v0x56c53c971720_0 .net/2u *"_ivl_50", 1 0, L_0x79a83fe403c0;  1 drivers
v0x56c53c971800_0 .net *"_ivl_52", 0 0, L_0x56c53c9742f0;  1 drivers
L_0x79a83fe40408 .functor BUFT 1, C4<111>, C4<0>, C4<0>, C4<0>;
v0x56c53c9718c0_0 .net/2u *"_ivl_54", 2 0, L_0x79a83fe40408;  1 drivers
v0x56c53c9719a0_0 .net *"_ivl_56", 0 0, L_0x56c53c974470;  1 drivers
v0x56c53c971a60_0 .net *"_ivl_58", 0 0, L_0x56c53c9745d0;  1 drivers
L_0x79a83fe40060 .functor BUFT 1, C4<000>, C4<0>, C4<0>, C4<0>;
v0x56c53c971b40_0 .net/2u *"_ivl_6", 2 0, L_0x79a83fe40060;  1 drivers
L_0x79a83fe40450 .functor BUFT 1, C4<11>, C4<0>, C4<0>, C4<0>;
v0x56c53c971c20_0 .net/2u *"_ivl_60", 1 0, L_0x79a83fe40450;  1 drivers
v0x56c53c971d00_0 .net *"_ivl_62", 0 0, L_0x56c53c9746c0;  1 drivers
v0x56c53c971dc0_0 .net *"_ivl_64", 0 0, L_0x56c53c974870;  1 drivers
L_0x79a83fe40498 .functor BUFT 1, C4<001>, C4<0>, C4<0>, C4<0>;
v0x56c53c9720b0_0 .net/2u *"_ivl_66", 2 0, L_0x79a83fe40498;  1 drivers
L_0x79a83fe404e0 .functor BUFT 1, C4<10>, C4<0>, C4<0>, C4<0>;
v0x56c53c972190_0 .net/2u *"_ivl_68", 1 0, L_0x79a83fe404e0;  1 drivers
v0x56c53c972270_0 .net *"_ivl_70", 0 0, L_0x56c53c974980;  1 drivers
L_0x79a83fe40528 .functor BUFT 1, C4<111>, C4<0>, C4<0>, C4<0>;
v0x56c53c972330_0 .net/2u *"_ivl_72", 2 0, L_0x79a83fe40528;  1 drivers
v0x56c53c972410_0 .net *"_ivl_74", 0 0, L_0x56c53c974a70;  1 drivers
v0x56c53c9724d0_0 .net *"_ivl_76", 0 0, L_0x56c53c974800;  1 drivers
L_0x79a83fe40570 .functor BUFT 1, C4<11>, C4<0>, C4<0>, C4<0>;
v0x56c53c9725b0_0 .net/2u *"_ivl_78", 1 0, L_0x79a83fe40570;  1 drivers
L_0x79a83fe400a8 .functor BUFT 1, C4<01>, C4<0>, C4<0>, C4<0>;
v0x56c53c972690_0 .net/2u *"_ivl_8", 1 0, L_0x79a83fe400a8;  1 drivers
v0x56c53c972770_0 .net *"_ivl_80", 0 0, L_0x56c53c974cf0;  1 drivers
v0x56c53c972830_0 .net *"_ivl_82", 0 0, L_0x56c53c974de0;  1 drivers
L_0x79a83fe405b8 .functor BUFT 1, C4<000>, C4<0>, C4<0>, C4<0>;
v0x56c53c972910_0 .net/2u *"_ivl_84", 2 0, L_0x79a83fe405b8;  1 drivers
L_0x79a83fe40600 .functor BUFT 1, C4<000>, C4<0>, C4<0>, C4<0>;
v0x56c53c9729f0_0 .net/2u *"_ivl_86", 2 0, L_0x79a83fe40600;  1 drivers
v0x56c53c972ad0_0 .net *"_ivl_88", 2 0, L_0x56c53c974ef0;  1 drivers
v0x56c53c972bb0_0 .net *"_ivl_90", 2 0, L_0x56c53c975110;  1 drivers
v0x56c53c972c90_0 .net *"_ivl_92", 2 0, L_0x56c53c9752a0;  1 drivers
v0x56c53c972d70_0 .net *"_ivl_94", 2 0, L_0x56c53c9754d0;  1 drivers
v0x56c53c972e50_0 .net *"_ivl_96", 2 0, L_0x56c53c975660;  1 drivers
v0x56c53c972f30_0 .net *"_ivl_98", 2 0, L_0x56c53c975340;  1 drivers
v0x56c53c973010_0 .net "concatenation", 1 0, L_0x56c53c9733f0;  1 drivers
o0x79a83fe899d8 .functor BUFZ 3, C4<zzz>; HiZ drive
v0x56c53c9730f0_0 .net "funct3", 2 0, o0x79a83fe899d8;  0 drivers
o0x79a83fe89a08 .functor BUFZ 1, C4<z>; HiZ drive
v0x56c53c9731d0_0 .net "funct7", 0 0, o0x79a83fe89a08;  0 drivers
o0x79a83fe89a38 .functor BUFZ 1, C4<z>; HiZ drive
v0x56c53c973290_0 .net "op", 0 0, o0x79a83fe89a38;  0 drivers
L_0x56c53c9733f0 .concat [ 1 1 0 0], o0x79a83fe89a08, o0x79a83fe89a38;
L_0x56c53c973540 .cmp/eq 2, o0x79a83fe89048, L_0x79a83fe40018;
L_0x56c53c9736a0 .cmp/eq 2, o0x79a83fe89048, L_0x79a83fe400a8;
L_0x56c53c973860 .cmp/eq 2, o0x79a83fe89048, L_0x79a83fe40138;
L_0x56c53c973980 .cmp/eq 3, o0x79a83fe899d8, L_0x79a83fe40180;
L_0x56c53c973be0 .cmp/eq 2, o0x79a83fe89048, L_0x79a83fe40210;
L_0x56c53c973d80 .cmp/eq 3, o0x79a83fe899d8, L_0x79a83fe40258;
L_0x56c53c973f80 .cmp/eq 2, o0x79a83fe89048, L_0x79a83fe402e8;
L_0x56c53c9740c0 .cmp/eq 3, o0x79a83fe899d8, L_0x79a83fe40330;
L_0x56c53c9742f0 .cmp/eq 2, o0x79a83fe89048, L_0x79a83fe403c0;
L_0x56c53c974470 .cmp/eq 3, o0x79a83fe899d8, L_0x79a83fe40408;
L_0x56c53c9746c0 .cmp/eq 2, L_0x56c53c9733f0, L_0x79a83fe40450;
L_0x56c53c974980 .cmp/eq 2, o0x79a83fe89048, L_0x79a83fe404e0;
L_0x56c53c974a70 .cmp/eq 3, o0x79a83fe899d8, L_0x79a83fe40528;
L_0x56c53c974cf0 .cmp/ne 2, L_0x56c53c9733f0, L_0x79a83fe40570;
L_0x56c53c974ef0 .functor MUXZ 3, L_0x79a83fe40600, L_0x79a83fe405b8, L_0x56c53c974de0, C4<>;
L_0x56c53c975110 .functor MUXZ 3, L_0x56c53c974ef0, L_0x79a83fe40498, L_0x56c53c974870, C4<>;
L_0x56c53c9752a0 .functor MUXZ 3, L_0x56c53c975110, L_0x79a83fe40378, L_0x56c53c9741e0, C4<>;
L_0x56c53c9754d0 .functor MUXZ 3, L_0x56c53c9752a0, L_0x79a83fe402a0, L_0x56c53c973e70, C4<>;
L_0x56c53c975660 .functor MUXZ 3, L_0x56c53c9754d0, L_0x79a83fe401c8, L_0x56c53c973ad0, C4<>;
L_0x56c53c975340 .functor MUXZ 3, L_0x56c53c975660, L_0x79a83fe400f0, L_0x56c53c9736a0, C4<>;
L_0x56c53c975990 .functor MUXZ 3, L_0x56c53c975340, L_0x79a83fe40060, L_0x56c53c973540, C4<>;
# The file index is used to find the file name in the following table.
:file_names 3;
    "N/A";
    "<interactive>";
    "alu_decoder.v";
